<?xml version="1.0" encoding="UTF-8"?>
<!-- Generated by org.testng.reporters.JUnitReportReporter -->
<testsuite skipped="1" hostname="LAPTOP-7URMMQ5D" name="TestNG.Programmes.Day_2_DataProviderUSingExcel" tests="1" failures="0" timestamp="2021-01-10T02:09:25 EST" time="0.000" errors="0">
  <testcase name="hitlogIn" time="0.000" classname="TestNG.Programmes.Day_2_DataProviderUSingExcel">
    <skipped/>
  </testcase> <!-- hitlogIn -->
  <system-out/>
</testsuite> <!-- TestNG.Programmes.Day_2_DataProviderUSingExcel -->
