<?xml version="1.0" encoding="UTF-8"?>
<!-- Generated by org.testng.reporters.JUnitReportReporter -->
<testsuite skipped="0" hostname="LAPTOP-7URMMQ5D" name="TestNG.Programmes.ExtentReport" tests="2" failures="0" timestamp="2021-01-09T02:04:47 EST" time="0.018" errors="0">
  <testcase name="test1" time="0.016" classname="TestNG.Programmes.ExtentReport"/>
  <system-out/>
  <testcase name="test2" time="0.002" classname="TestNG.Programmes.ExtentReport"/>
  <system-out/>
</testsuite> <!-- TestNG.Programmes.ExtentReport -->
