<?xml version="1.0" encoding="UTF-8"?>
<!-- Generated by org.testng.reporters.JUnitReportReporter -->
<testsuite skipped="0" hostname="LAPTOP-7URMMQ5D" name="TestNG.Programmes.Day_2_RunningManyTestSuitFile1" tests="3" failures="0" timestamp="2021-01-08T22:31:44 EST" time="0.019" errors="0">
  <testcase name="method1" time="0.012" classname="TestNG.Programmes.Day_2_RunningManyTestSuitFile1"/>
  <system-out/>
  <testcase name="method2" time="0.002" classname="TestNG.Programmes.Day_2_RunningManyTestSuitFile1"/>
  <system-out/>
  <testcase name="method4" time="0.005" classname="TestNG.Programmes.Day_2_RunningManyTestSuitFile1"/>
  <system-out/>
</testsuite> <!-- TestNG.Programmes.Day_2_RunningManyTestSuitFile1 -->
