<?xml version="1.0" encoding="UTF-8"?>
<!-- Generated by org.testng.reporters.JUnitReportReporter -->
<testsuite skipped="0" hostname="LAPTOP-7URMMQ5D" name="TestNG.Programmes.Day_2_RunningManyTestSuitFile2" tests="1" failures="0" timestamp="2021-01-08T22:31:44 EST" time="0.001" errors="0">
  <testcase name="method5" time="0.001" classname="TestNG.Programmes.Day_2_RunningManyTestSuitFile2"/>
  <system-out/>
</testsuite> <!-- TestNG.Programmes.Day_2_RunningManyTestSuitFile2 -->
