<?xml version="1.0" encoding="UTF-8"?>
<!-- Generated by org.testng.reporters.JUnitReportReporter -->
<testsuite skipped="0" hostname="LAPTOP-7URMMQ5D" name="TestNG.Programmes.Day_2_Selection" tests="2" failures="0" timestamp="2021-01-06T21:00:31 EST" time="1.311" errors="0">
  <testcase name="radioButton1" time="1.195" classname="TestNG.Programmes.Day_2_Selection"/>
  <system-out/>
  <testcase name="radiobutton2" time="0.116" classname="TestNG.Programmes.Day_2_Selection"/>
  <system-out/>
</testsuite> <!-- TestNG.Programmes.Day_2_Selection -->
