<?xml version="1.0" encoding="UTF-8"?>
<!-- Generated by org.testng.reporters.JUnitReportReporter -->
<testsuite skipped="0" hostname="LAPTOP-7URMMQ5D" name="TestNG.Programmes.ExcelLogINCredentials" tests="1" failures="0" timestamp="2021-01-10T01:44:39 EST" time="0.486" errors="0">
  <testcase name="credentials" time="0.486" classname="TestNG.Programmes.ExcelLogINCredentials"/>
  <system-out/>
</testsuite> <!-- TestNG.Programmes.ExcelLogINCredentials -->
