<?xml version="1.0" encoding="UTF-8"?>
<!-- Generated by org.testng.reporters.JUnitReportReporter -->
<testsuite skipped="0" hostname="LAPTOP-7URMMQ5D" name="TestNG.Programmes.Day_2_RunningManyTestSuitFile" tests="4" failures="0" timestamp="2021-01-07T00:27:25 EST" time="0.016" errors="0">
  <testcase name="method1" time="0.010" classname="TestNG.Programmes.Day_2_RunningManyTestSuitFile"/>
  <system-out/>
  <testcase name="method4" time="0.002" classname="TestNG.Programmes.Day_2_RunningManyTestSuitFile"/>
  <system-out/>
  <testcase name="method2" time="0.003" classname="TestNG.Programmes.Day_2_RunningManyTestSuitFile"/>
  <system-out/>
  <testcase name="method3" time="0.001" classname="TestNG.Programmes.Day_2_RunningManyTestSuitFile"/>
  <system-out/>
</testsuite> <!-- TestNG.Programmes.Day_2_RunningManyTestSuitFile -->
