<?xml version="1.0" encoding="UTF-8"?>
<!-- Generated by org.testng.reporters.JUnitReportReporter -->
<testsuite skipped="0" hostname="LAPTOP-7URMMQ5D" name="SalesForcePrograms.FirstTenProgrammes" tests="2" failures="0" timestamp="2021-01-16T01:15:35 EST" time="11.216" errors="0">
  <testcase name="Test1" time="4.682" classname="SalesForcePrograms.FirstTenProgrammes"/>
  <system-out/>
  <testcase name="Test2" time="6.534" classname="SalesForcePrograms.FirstTenProgrammes"/>
  <system-out/>
</testsuite> <!-- SalesForcePrograms.FirstTenProgrammes -->
