<?xml version="1.0" encoding="UTF-8"?>
<!-- Generated by org.testng.reporters.JUnitReportReporter -->
<testsuite skipped="0" hostname="LAPTOP-7URMMQ5D" name="TestNG.Programmes.DateFormategenerating" tests="1" failures="0" timestamp="2021-01-09T22:16:36 EST" time="0.026" errors="0">
  <testcase name="method" time="0.026" classname="TestNG.Programmes.DateFormategenerating"/>
  <system-out/>
</testsuite> <!-- TestNG.Programmes.DateFormategenerating -->
