<?xml version="1.0" encoding="UTF-8"?>
<!-- Generated by org.testng.reporters.JUnitReportReporter -->
<testsuite skipped="0" hostname="LAPTOP-7URMMQ5D" name="TestNG.Programmes.Day_2_Validation_AssertClass" tests="2" failures="0" timestamp="2021-01-06T22:36:40 EST" time="0.822" errors="0">
  <testcase name="radioButton1" time="0.711" classname="TestNG.Programmes.Day_2_Validation_AssertClass"/>
  <system-out/>
  <testcase name="radiobutton2" time="0.111" classname="TestNG.Programmes.Day_2_Validation_AssertClass"/>
  <system-out/>
</testsuite> <!-- TestNG.Programmes.Day_2_Validation_AssertClass -->
